<?xml version="1.0" encoding="UTF-8"?>
<testsuite xmlns:xsi="http://www.w3.org/2001/XMLSchema-instance" xsi:noNamespaceSchemaLocation="https://maven.apache.org/surefire/maven-surefire-plugin/xsd/surefire-test-report.xsd" version="3.0.2" name="com.app.fitshake.FitshakeApplicationTests" time="9.583" tests="1" errors="0" skipped="0" failures="0" flakes="0">
  <properties>
[...]
</properties>
  <testcase name="contextLoads" classname="com.app.fitshake.FitshakeApplicationTests" time="0.588">
    <system-out><![CDATA[22:50:18.897 [main] INFO org.springframework.test.context.support.AnnotationConfigContextLoaderUtils -- Could not detect default configuration classes for test class [com.app.fitshake.FitshakeApplicationTests]: FitshakeApplicationTests does not declare any static, non-private, non-final, nested classes annotated with @Configuration.
22:50:19.055 [main] INFO org.springframework.boot.test.context.SpringBootTestContextBootstrapper -- Found @SpringBootConfiguration com.app.fitshake.FitshakeApplication for test class com.app.fitshake.FitshakeApplicationTests
22:50:19.214 [main] INFO org.springframework.test.context.support.AnnotationConfigContextLoaderUtils -- Could not detect default configuration classes for test class [com.app.fitshake.FitshakeApplicationTests]: FitshakeApplicationTests does not declare any static, non-private, non-final, nested classes annotated with @Configuration.
22:50:19.214 [main] INFO org.springframework.boot.test.context.SpringBootTestContextBootstrapper -- Found @SpringBootConfiguration com.app.fitshake.FitshakeApplication for test class com.app.fitshake.FitshakeApplicationTests

  .   ____          _            __ _ _
 /\\ / ___'_ __ _ _(_)_ __  __ _ \ \ \ \
( ( )\___ | '_ | '_| | '_ \/ _` | \ \ \ \
 \\/  ___)| |_)| | | | | || (_| |  ) ) ) )
  '  |____| .__|_| |_|_| |_\__, | / / / /
 =========|_|==============|___/=/_/_/_/

 :: Spring Boot ::                (v4.0.6)

2026-06-01T22:50:19.808-03:00  INFO 20636 --- [fitshake] [           main] c.app.fitshake.FitshakeApplicationTests  : Starting FitshakeApplicationTests using Java 17.0.12 with PID 20636 (started by Isac - Webbrain in C:\APP\FitShake\fitshake_back_end)
2026-06-01T22:50:19.815-03:00  INFO 20636 --- [fitshake] [           main] c.app.fitshake.FitshakeApplicationTests  : No active profile set, falling back to 1 default profile: "default"
2026-06-01T22:50:21.136-03:00  INFO 20636 --- [fitshake] [           main] .s.d.r.c.RepositoryConfigurationDelegate : Bootstrapping Spring Data JPA repositories in DEFAULT mode.
2026-06-01T22:50:21.306-03:00  INFO 20636 --- [fitshake] [           main] .s.d.r.c.RepositoryConfigurationDelegate : Finished Spring Data repository scanning in 140 ms. Found 1 JPA repository interface.
2026-06-01T22:50:22.441-03:00  INFO 20636 --- [fitshake] [           main] org.hibernate.orm.jpa                    : HHH008540: Processing PersistenceUnitInfo [name: default]
2026-06-01T22:50:22.621-03:00  INFO 20636 --- [fitshake] [           main] org.hibernate.orm.core                   : HHH000001: Hibernate ORM core version 7.2.12.Final
2026-06-01T22:50:23.817-03:00  INFO 20636 --- [fitshake] [           main] o.s.o.j.p.SpringPersistenceUnitInfo      : No LoadTimeWeaver setup: ignoring JPA class transformer
2026-06-01T22:50:23.897-03:00  INFO 20636 --- [fitshake] [           main] com.zaxxer.hikari.HikariDataSource       : HikariPool-1 - Starting...
2026-06-01T22:50:24.216-03:00  INFO 20636 --- [fitshake] [           main] com.zaxxer.hikari.pool.HikariPool        : HikariPool-1 - Added connection org.postgresql.jdbc.PgConnection@70aa58e1
2026-06-01T22:50:24.221-03:00  INFO 20636 --- [fitshake] [           main] com.zaxxer.hikari.HikariDataSource       : HikariPool-1 - Start completed.
2026-06-01T22:50:24.314-03:00  WARN 20636 --- [fitshake] [           main] org.hibernate.orm.deprecation            : HHH90000025: PostgreSQLDialect does not need to be specified explicitly using 'hibernate.dialect' (remove the property setting and it will be selected by default)
2026-06-01T22:50:24.358-03:00  INFO 20636 --- [fitshake] [           main] org.hibernate.orm.connections.pooling    : HHH10001005: Database info:
	Database JDBC URL [jdbc:postgresql://localhost:5432/fitshake?sslmode=disable]
	Database driver: PostgreSQL JDBC Driver
	Database dialect: PostgreSQLDialect
	Database version: 17.9
	Default catalog/schema: fitshake/public
	Autocommit mode: undefined/unknown
	Isolation level: READ_COMMITTED [default READ_COMMITTED]
	JDBC fetch size: none
	Pool: DataSourceConnectionProvider
	Minimum pool size: undefined/unknown
	Maximum pool size: undefined/unknown
2026-06-01T22:50:25.693-03:00  INFO 20636 --- [fitshake] [           main] org.hibernate.orm.core                   : HHH000489: No JTA platform available (set 'hibernate.transaction.jta.platform' to enable JTA platform integration)
Hibernate: 
    create table usuarios (
        id bigint generated by default as identity,
        email varchar(255) not null,
        nome varchar(255) not null,
        senha varchar(255) not null,
        primary key (id)
    )
Hibernate: 
    alter table if exists usuarios 
       drop constraint if exists UKkfsp0s1tflm1cwlj8idhqsad0
2026-06-01T22:50:25.789-03:00  WARN 20636 --- [fitshake] [           main] org.hibernate.orm.jdbc.warn              : HHH000247: ErrorCode: 0, SQLState: 00000
2026-06-01T22:50:25.789-03:00  WARN 20636 --- [fitshake] [           main] org.hibernate.orm.jdbc.warn              : restrição "ukkfsp0s1tflm1cwlj8idhqsad0" da relação "usuarios" não existe, ignorando
Hibernate: 
    alter table if exists usuarios 
       add constraint UKkfsp0s1tflm1cwlj8idhqsad0 unique (email)
2026-06-01T22:50:25.795-03:00  INFO 20636 --- [fitshake] [           main] j.LocalContainerEntityManagerFactoryBean : Initialized JPA EntityManagerFactory for persistence unit 'default'
2026-06-01T22:50:26.008-03:00  INFO 20636 --- [fitshake] [           main] o.s.d.j.r.query.QueryEnhancerFactories   : Hibernate is in classpath; If applicable, HQL parser will be used.
2026-06-01T22:50:26.539-03:00  WARN 20636 --- [fitshake] [           main] JpaBaseConfiguration$JpaWebConfiguration : spring.jpa.open-in-view is enabled by default. Therefore, database queries may be performed during view rendering. Explicitly configure spring.jpa.open-in-view to disable this warning
2026-06-01T22:50:27.472-03:00  INFO 20636 --- [fitshake] [           main] c.app.fitshake.FitshakeApplicationTests  : Started FitshakeApplicationTests in 8.111 seconds (process running for 10.249)
]]></system-out>
  </testcase>
</testsuite>